*** Starting uWSGI 2.0.22 (64bit) on [Mon Sep 11 05:36:31 2023] ***
compiled with version: 10.2.1 20210110 on 07 September 2023 06:24:21
os: Linux-5.15.85 #2 SMP Thu Dec 22 15:01:46 UTC 2022
nodename: b7dc9b9f7532
machine: aarch64
clock source: unix
pcre jit disabled
detected number of CPU cores: 4
current working directory: /app
detected binary path: /usr/local/bin/uwsgi
uWSGI running as root, you can use --uid/--gid/--chroot options
*** WARNING: you are running uWSGI as root !!! (use the --uid flag) *** 
your processes number limit is 7919
your memory page size is 4096 bytes
detected max file descriptor number: 4096
lock engine: pthread robust mutexes
thunder lock: disabled (you can enable it with --thunder-lock)
uwsgi socket 0 bound to UNIX address /tmp/uwsgi.sock fd 3
uWSGI running as root, you can use --uid/--gid/--chroot options
*** WARNING: you are running uWSGI as root !!! (use the --uid flag) *** 
Python version: 3.9.7 (default, Oct 16 2021, 10:16:06)  [GCC 10.2.1 20210110]
*** Python threads support is disabled. You can enable it with --enable-threads ***
Python main interpreter initialized at 0xaaaac0c2e210
uWSGI running as root, you can use --uid/--gid/--chroot options
*** WARNING: you are running uWSGI as root !!! (use the --uid flag) *** 
your server socket listen backlog is limited to 100 connections
your mercy for graceful operations on workers is 60 seconds
mapped 145840 bytes (142 KB) for 1 cores
*** Operational MODE: single process ***
unable to load app 0 (mountpoint='') (callable not found or import error)
unable to find "application" callable in file /app/wsgi.py
unable to load app 0 (mountpoint='') (callable not found or import error)
*** no app loaded. going in full dynamic mode ***
uWSGI running as root, you can use --uid/--gid/--chroot options
*** WARNING: you are running uWSGI as root !!! (use the --uid flag) *** 
*** uWSGI is running in multiple interpreter mode ***
spawned uWSGI master process (pid: 28)
spawned uWSGI worker 1 (pid: 29, cores: 1)
--- no python application found, check your startup logs for errors ---
[pid: 29|app: -1|req: -1/1] 172.31.64.1 () {46 vars in 733 bytes} [Mon Sep 11 05:36:40 2023] GET / => generated 21 bytes in 1 msecs (HTTP/1.1 500) 2 headers in 83 bytes (0 switches on core 0)
SIGINT/SIGTERM received...killing workers...
worker 1 buried after 1 seconds
goodbye to uWSGI.
*** Starting uWSGI 2.0.22 (64bit) on [Mon Sep 11 05:37:46 2023] ***
compiled with version: 10.2.1 20210110 on 07 September 2023 06:24:21
os: Linux-5.15.85 #2 SMP Thu Dec 22 15:01:46 UTC 2022
nodename: b7dc9b9f7532
machine: aarch64
clock source: unix
pcre jit disabled
detected number of CPU cores: 4
current working directory: /app
detected binary path: /usr/local/bin/uwsgi
uWSGI running as root, you can use --uid/--gid/--chroot options
*** WARNING: you are running uWSGI as root !!! (use the --uid flag) *** 
your processes number limit is 7919
your memory page size is 4096 bytes
detected max file descriptor number: 4096
lock engine: pthread robust mutexes
thunder lock: disabled (you can enable it with --thunder-lock)
uwsgi socket 0 bound to UNIX address /tmp/uwsgi.sock fd 3
uWSGI running as root, you can use --uid/--gid/--chroot options
*** WARNING: you are running uWSGI as root !!! (use the --uid flag) *** 
Python version: 3.9.7 (default, Oct 16 2021, 10:16:06)  [GCC 10.2.1 20210110]
*** Python threads support is disabled. You can enable it with --enable-threads ***
Python main interpreter initialized at 0xaaab01286210
uWSGI running as root, you can use --uid/--gid/--chroot options
*** WARNING: you are running uWSGI as root !!! (use the --uid flag) *** 
your server socket listen backlog is limited to 100 connections
your mercy for graceful operations on workers is 60 seconds
mapped 145840 bytes (142 KB) for 1 cores
*** Operational MODE: single process ***
unable to load app 0 (mountpoint='') (callable not found or import error)
unable to find "application" callable in file /app/app.py
unable to load app 0 (mountpoint='') (callable not found or import error)
*** no app loaded. going in full dynamic mode ***
uWSGI running as root, you can use --uid/--gid/--chroot options
*** WARNING: you are running uWSGI as root !!! (use the --uid flag) *** 
*** uWSGI is running in multiple interpreter mode ***
spawned uWSGI master process (pid: 30)
spawned uWSGI worker 1 (pid: 31, cores: 1)
--- no python application found, check your startup logs for errors ---
[pid: 31|app: -1|req: -1/1] 172.31.64.1 () {46 vars in 733 bytes} [Mon Sep 11 05:37:52 2023] GET / => generated 21 bytes in 0 msecs (HTTP/1.1 500) 2 headers in 83 bytes (0 switches on core 0)
--- no python application found, check your startup logs for errors ---
[pid: 31|app: -1|req: -1/2] 172.31.64.1 () {46 vars in 733 bytes} [Mon Sep 11 05:37:53 2023] GET / => generated 21 bytes in 0 msecs (HTTP/1.1 500) 2 headers in 83 bytes (0 switches on core 0)
SIGINT/SIGTERM received...killing workers...
worker 1 buried after 1 seconds
goodbye to uWSGI.
*** Starting uWSGI 2.0.22 (64bit) on [Mon Sep 11 07:19:10 2023] ***
compiled with version: 10.2.1 20210110 on 07 September 2023 06:24:21
os: Linux-5.15.85 #2 SMP Thu Dec 22 15:01:46 UTC 2022
nodename: b7dc9b9f7532
machine: aarch64
clock source: unix
pcre jit disabled
detected number of CPU cores: 4
current working directory: /app
detected binary path: /usr/local/bin/uwsgi
uWSGI running as root, you can use --uid/--gid/--chroot options
*** WARNING: you are running uWSGI as root !!! (use the --uid flag) *** 
your processes number limit is 7919
your memory page size is 4096 bytes
detected max file descriptor number: 4096
lock engine: pthread robust mutexes
thunder lock: disabled (you can enable it with --thunder-lock)
uwsgi socket 0 bound to UNIX address /tmp/uwsgi.sock fd 3
uWSGI running as root, you can use --uid/--gid/--chroot options
*** WARNING: you are running uWSGI as root !!! (use the --uid flag) *** 
Python version: 3.9.7 (default, Oct 16 2021, 10:16:06)  [GCC 10.2.1 20210110]
*** Python threads support is disabled. You can enable it with --enable-threads ***
Python main interpreter initialized at 0xaaaadde1c260
uWSGI running as root, you can use --uid/--gid/--chroot options
*** WARNING: you are running uWSGI as root !!! (use the --uid flag) *** 
your server socket listen backlog is limited to 100 connections
your mercy for graceful operations on workers is 60 seconds
mapped 145840 bytes (142 KB) for 1 cores
*** Operational MODE: single process ***
WSGI app 0 (mountpoint='') ready in 0 seconds on interpreter 0xaaaadde1c260 pid: 36 (default app)
mountpoint  already configured. skip.
uWSGI running as root, you can use --uid/--gid/--chroot options
*** WARNING: you are running uWSGI as root !!! (use the --uid flag) *** 
*** uWSGI is running in multiple interpreter mode ***
spawned uWSGI master process (pid: 36)
spawned uWSGI worker 1 (pid: 37, cores: 1)
[pid: 37|app: 0|req: 1/1] 172.31.64.1 () {46 vars in 733 bytes} [Mon Sep 11 07:19:28 2023] GET / => generated 32 bytes in 17 msecs (HTTP/1.1 200) 2 headers in 79 bytes (2 switches on core 0)
[pid: 37|app: 0|req: 2/2] 172.31.64.1 () {38 vars in 551 bytes} [Mon Sep 11 07:19:28 2023] GET /apple-touch-icon-precomposed.png => generated 207 bytes in 1 msecs (HTTP/1.1 404) 2 headers in 87 bytes (1 switches on core 0)
[pid: 37|app: 0|req: 3/3] 172.31.64.1 () {38 vars in 527 bytes} [Mon Sep 11 07:19:28 2023] GET /apple-touch-icon.png => generated 207 bytes in 0 msecs (HTTP/1.1 404) 2 headers in 87 bytes (1 switches on core 0)
[pid: 37|app: 0|req: 4/4] 172.31.64.1 () {46 vars in 733 bytes} [Mon Sep 11 07:19:52 2023] GET / => generated 32 bytes in 4 msecs (HTTP/1.1 200) 2 headers in 79 bytes (1 switches on core 0)
SIGINT/SIGTERM received...killing workers...
worker 1 buried after 2 seconds
goodbye to uWSGI.
*** Starting uWSGI 2.0.22 (64bit) on [Mon Sep 11 07:20:01 2023] ***
compiled with version: 10.2.1 20210110 on 07 September 2023 06:24:21
os: Linux-5.15.85 #2 SMP Thu Dec 22 15:01:46 UTC 2022
nodename: b7dc9b9f7532
machine: aarch64
clock source: unix
pcre jit disabled
detected number of CPU cores: 4
current working directory: /app
detected binary path: /usr/local/bin/uwsgi
uWSGI running as root, you can use --uid/--gid/--chroot options
*** WARNING: you are running uWSGI as root !!! (use the --uid flag) *** 
your processes number limit is 7919
your memory page size is 4096 bytes
detected max file descriptor number: 4096
lock engine: pthread robust mutexes
thunder lock: disabled (you can enable it with --thunder-lock)
uwsgi socket 0 bound to UNIX address /tmp/uwsgi.sock fd 3
uWSGI running as root, you can use --uid/--gid/--chroot options
*** WARNING: you are running uWSGI as root !!! (use the --uid flag) *** 
Python version: 3.9.7 (default, Oct 16 2021, 10:16:06)  [GCC 10.2.1 20210110]
*** Python threads support is disabled. You can enable it with --enable-threads ***
Python main interpreter initialized at 0xaaab03cf5260
uWSGI running as root, you can use --uid/--gid/--chroot options
*** WARNING: you are running uWSGI as root !!! (use the --uid flag) *** 
your server socket listen backlog is limited to 100 connections
your mercy for graceful operations on workers is 60 seconds
mapped 145840 bytes (142 KB) for 1 cores
*** Operational MODE: single process ***
WSGI app 0 (mountpoint='') ready in 0 seconds on interpreter 0xaaab03cf5260 pid: 38 (default app)
mountpoint  already configured. skip.
uWSGI running as root, you can use --uid/--gid/--chroot options
*** WARNING: you are running uWSGI as root !!! (use the --uid flag) *** 
*** uWSGI is running in multiple interpreter mode ***
spawned uWSGI master process (pid: 38)
spawned uWSGI worker 1 (pid: 39, cores: 1)
[pid: 39|app: 0|req: 1/1] 172.31.64.1 () {46 vars in 733 bytes} [Mon Sep 11 07:20:02 2023] GET / => generated 207 bytes in 14 msecs (HTTP/1.1 404) 2 headers in 87 bytes (1 switches on core 0)
[pid: 39|app: 0|req: 2/2] 172.31.64.1 () {46 vars in 733 bytes} [Mon Sep 11 07:20:07 2023] GET / => generated 207 bytes in 1 msecs (HTTP/1.1 404) 2 headers in 87 bytes (1 switches on core 0)
[pid: 39|app: 0|req: 3/3] 172.31.64.1 () {46 vars in 743 bytes} [Mon Sep 11 07:20:08 2023] GET /login => generated 318 bytes in 1 msecs (HTTP/1.1 200) 2 headers in 80 bytes (1 switches on core 0)
[pid: 39|app: 0|req: 4/4] 172.31.64.1 () {54 vars in 934 bytes} [Mon Sep 11 07:20:28 2023] POST /login => generated 207 bytes in 11 msecs (HTTP/1.1 302) 5 headers in 379 bytes (1 switches on core 0)
[pid: 39|app: 0|req: 5/5] 172.31.64.1 () {50 vars in 1039 bytes} [Mon Sep 11 07:20:28 2023] GET /protected => generated 23 bytes in 3 msecs (HTTP/1.1 200) 3 headers in 93 bytes (1 switches on core 0)
SIGINT/SIGTERM received...killing workers...
worker 1 buried after 1 seconds
goodbye to uWSGI.
...brutally killing workers...
worker 1 buried after 1 seconds
binary reloading uWSGI...
chdir() to /flask-app
closing all non-uwsgi socket fds > 2 (max_fd = 4096)...
found fd 3 mapped to socket 0 (/tmp/uwsgi.sock)
running /usr/local/bin/uwsgi
[uWSGI] getting INI configuration from /app/app.ini
*** Starting uWSGI 2.0.22 (64bit) on [Mon Sep 11 07:20:58 2023] ***
compiled with version: 10.2.1 20210110 on 07 September 2023 06:24:21
os: Linux-5.15.85 #2 SMP Thu Dec 22 15:01:46 UTC 2022
nodename: b7dc9b9f7532
machine: aarch64
clock source: unix
pcre jit disabled
detected number of CPU cores: 4
current working directory: /flask-app
detected binary path: /usr/local/bin/uwsgi
uWSGI running as root, you can use --uid/--gid/--chroot options
*** WARNING: you are running uWSGI as root !!! (use the --uid flag) *** 
your processes number limit is 7919
your memory page size is 4096 bytes
detected max file descriptor number: 4096
lock engine: pthread robust mutexes
thunder lock: disabled (you can enable it with --thunder-lock)
uwsgi socket 0 inherited UNIX address /tmp/uwsgi.sock fd 3
uWSGI running as root, you can use --uid/--gid/--chroot options
*** WARNING: you are running uWSGI as root !!! (use the --uid flag) *** 
Python version: 3.9.7 (default, Oct 16 2021, 10:16:06)  [GCC 10.2.1 20210110]
*** Python threads support is disabled. You can enable it with --enable-threads ***
Python main interpreter initialized at 0xaaaaf70520f0
uWSGI running as root, you can use --uid/--gid/--chroot options
*** WARNING: you are running uWSGI as root !!! (use the --uid flag) *** 
your server socket listen backlog is limited to 100 connections
your mercy for graceful operations on workers is 60 seconds
mapped 145840 bytes (142 KB) for 1 cores
*** Operational MODE: single process ***
ModuleNotFoundError: No module named 'webapp'
unable to load app 0 (mountpoint='') (callable not found or import error)
WSGI app 0 (mountpoint='') ready in 0 seconds on interpreter 0xaaaaf70520f0 pid: 1 (default app)
uWSGI running as root, you can use --uid/--gid/--chroot options
*** WARNING: you are running uWSGI as root !!! (use the --uid flag) *** 
*** uWSGI is running in multiple interpreter mode ***
gracefully (RE)spawned uWSGI master process (pid: 1)
spawned uWSGI worker 1 (pid: 40, cores: 1)
*** Starting uWSGI 2.0.22 (64bit) on [Mon Sep 11 07:25:21 2023] ***
compiled with version: 10.2.1 20210110 on 07 September 2023 06:24:21
os: Linux-5.15.85 #2 SMP Thu Dec 22 15:01:46 UTC 2022
nodename: 1f31e1307b81
machine: aarch64
clock source: unix
pcre jit disabled
detected number of CPU cores: 4
current working directory: /flask-app
detected binary path: /usr/local/bin/uwsgi
uWSGI running as root, you can use --uid/--gid/--chroot options
*** WARNING: you are running uWSGI as root !!! (use the --uid flag) *** 
your processes number limit is 7919
your memory page size is 4096 bytes
detected max file descriptor number: 4096
lock engine: pthread robust mutexes
thunder lock: disabled (you can enable it with --thunder-lock)
uwsgi socket 0 bound to UNIX address /tmp/uwsgi.sock fd 3
uWSGI running as root, you can use --uid/--gid/--chroot options
*** WARNING: you are running uWSGI as root !!! (use the --uid flag) *** 
Python version: 3.9.7 (default, Oct 16 2021, 10:16:06)  [GCC 10.2.1 20210110]
*** Python threads support is disabled. You can enable it with --enable-threads ***
Python main interpreter initialized at 0xaaab1d698170
uWSGI running as root, you can use --uid/--gid/--chroot options
*** WARNING: you are running uWSGI as root !!! (use the --uid flag) *** 
your server socket listen backlog is limited to 100 connections
your mercy for graceful operations on workers is 60 seconds
mapped 145840 bytes (142 KB) for 1 cores
*** Operational MODE: single process ***
ModuleNotFoundError: No module named 'webapp'
unable to load app 0 (mountpoint='') (callable not found or import error)
WSGI app 0 (mountpoint='') ready in 0 seconds on interpreter 0xaaab1d698170 pid: 1 (default app)
uWSGI running as root, you can use --uid/--gid/--chroot options
*** WARNING: you are running uWSGI as root !!! (use the --uid flag) *** 
*** uWSGI is running in multiple interpreter mode ***
spawned uWSGI master process (pid: 1)
spawned uWSGI worker 1 (pid: 7, cores: 1)
[pid: 7|app: 0|req: 1/1] 172.31.64.1 () {48 vars in 994 bytes} [Mon Sep 11 07:25:24 2023] GET /protected => generated 23 bytes in 15 msecs (HTTP/1.1 200) 3 headers in 93 bytes (1 switches on core 0)
[pid: 7|app: 0|req: 2/2] 172.31.64.1 () {48 vars in 976 bytes} [Mon Sep 11 07:25:29 2023] GET / => generated 207 bytes in 2 msecs (HTTP/1.1 404) 2 headers in 87 bytes (1 switches on core 0)
[pid: 7|app: 0|req: 3/3] 172.31.64.1 () {48 vars in 976 bytes} [Mon Sep 11 07:26:36 2023] GET / => generated 207 bytes in 4 msecs (HTTP/1.1 404) 2 headers in 87 bytes (1 switches on core 0)
...brutally killing workers...
worker 1 buried after 1 seconds
binary reloading uWSGI...
chdir() to /flask-app
closing all non-uwsgi socket fds > 2 (max_fd = 4096)...
found fd 3 mapped to socket 0 (/tmp/uwsgi.sock)
running /usr/local/bin/uwsgi
[uWSGI] getting INI configuration from /app/app.ini
*** Starting uWSGI 2.0.22 (64bit) on [Mon Sep 11 07:28:20 2023] ***
compiled with version: 10.2.1 20210110 on 07 September 2023 06:24:21
os: Linux-5.15.85 #2 SMP Thu Dec 22 15:01:46 UTC 2022
nodename: 1f31e1307b81
machine: aarch64
clock source: unix
pcre jit disabled
detected number of CPU cores: 4
current working directory: /flask-app
detected binary path: /usr/local/bin/uwsgi
uWSGI running as root, you can use --uid/--gid/--chroot options
*** WARNING: you are running uWSGI as root !!! (use the --uid flag) *** 
your processes number limit is 7919
your memory page size is 4096 bytes
detected max file descriptor number: 4096
lock engine: pthread robust mutexes
thunder lock: disabled (you can enable it with --thunder-lock)
uwsgi socket 0 inherited UNIX address /tmp/uwsgi.sock fd 3
uWSGI running as root, you can use --uid/--gid/--chroot options
*** WARNING: you are running uWSGI as root !!! (use the --uid flag) *** 
Python version: 3.9.7 (default, Oct 16 2021, 10:16:06)  [GCC 10.2.1 20210110]
*** Python threads support is disabled. You can enable it with --enable-threads ***
Python main interpreter initialized at 0xaaaae38150f0
uWSGI running as root, you can use --uid/--gid/--chroot options
*** WARNING: you are running uWSGI as root !!! (use the --uid flag) *** 
your server socket listen backlog is limited to 100 connections
your mercy for graceful operations on workers is 60 seconds
mapped 145840 bytes (142 KB) for 1 cores
*** Operational MODE: single process ***
ModuleNotFoundError: No module named 'webapp'
unable to load app 0 (mountpoint='') (callable not found or import error)
WSGI app 0 (mountpoint='') ready in 0 seconds on interpreter 0xaaaae38150f0 pid: 1 (default app)
uWSGI running as root, you can use --uid/--gid/--chroot options
*** WARNING: you are running uWSGI as root !!! (use the --uid flag) *** 
*** uWSGI is running in multiple interpreter mode ***
gracefully (RE)spawned uWSGI master process (pid: 1)
spawned uWSGI worker 1 (pid: 8, cores: 1)
[pid: 8|app: 0|req: 1/1] 172.31.64.1 () {48 vars in 976 bytes} [Mon Sep 11 07:28:24 2023] GET / => generated 37 bytes in 32 msecs (HTTP/1.1 200) 2 headers in 79 bytes (1 switches on core 0)
*** Starting uWSGI 2.0.22 (64bit) on [Mon Sep 11 07:28:30 2023] ***
compiled with version: 10.2.1 20210110 on 07 September 2023 06:24:21
os: Linux-5.15.85 #2 SMP Thu Dec 22 15:01:46 UTC 2022
nodename: 1f31e1307b81
machine: aarch64
clock source: unix
pcre jit disabled
detected number of CPU cores: 4
current working directory: /flask-app
detected binary path: /usr/local/bin/uwsgi
uWSGI running as root, you can use --uid/--gid/--chroot options
*** WARNING: you are running uWSGI as root !!! (use the --uid flag) *** 
your processes number limit is 7919
your memory page size is 4096 bytes
detected max file descriptor number: 4096
lock engine: pthread robust mutexes
thunder lock: disabled (you can enable it with --thunder-lock)
uwsgi socket 0 bound to UNIX address /tmp/uwsgi.sock fd 3
uWSGI running as root, you can use --uid/--gid/--chroot options
*** WARNING: you are running uWSGI as root !!! (use the --uid flag) *** 
Python version: 3.9.7 (default, Oct 16 2021, 10:16:06)  [GCC 10.2.1 20210110]
*** Python threads support is disabled. You can enable it with --enable-threads ***
Python main interpreter initialized at 0xaaaae63b4170
uWSGI running as root, you can use --uid/--gid/--chroot options
*** WARNING: you are running uWSGI as root !!! (use the --uid flag) *** 
your server socket listen backlog is limited to 100 connections
your mercy for graceful operations on workers is 60 seconds
mapped 145840 bytes (142 KB) for 1 cores
*** Operational MODE: single process ***
ModuleNotFoundError: No module named 'webapp'
unable to load app 0 (mountpoint='') (callable not found or import error)
WSGI app 0 (mountpoint='') ready in 0 seconds on interpreter 0xaaaae63b4170 pid: 1 (default app)
uWSGI running as root, you can use --uid/--gid/--chroot options
*** WARNING: you are running uWSGI as root !!! (use the --uid flag) *** 
*** uWSGI is running in multiple interpreter mode ***
spawned uWSGI master process (pid: 1)
spawned uWSGI worker 1 (pid: 7, cores: 1)
...brutally killing workers...
worker 1 buried after 1 seconds
binary reloading uWSGI...
chdir() to /flask-app
closing all non-uwsgi socket fds > 2 (max_fd = 4096)...
found fd 3 mapped to socket 0 (/tmp/uwsgi.sock)
running /usr/local/bin/uwsgi
[uWSGI] getting INI configuration from /app/app.ini
*** Starting uWSGI 2.0.22 (64bit) on [Mon Sep 11 07:29:12 2023] ***
compiled with version: 10.2.1 20210110 on 07 September 2023 06:24:21
os: Linux-5.15.85 #2 SMP Thu Dec 22 15:01:46 UTC 2022
nodename: 1f31e1307b81
machine: aarch64
clock source: unix
pcre jit disabled
detected number of CPU cores: 4
current working directory: /flask-app
detected binary path: /usr/local/bin/uwsgi
uWSGI running as root, you can use --uid/--gid/--chroot options
*** WARNING: you are running uWSGI as root !!! (use the --uid flag) *** 
your processes number limit is 7919
your memory page size is 4096 bytes
detected max file descriptor number: 4096
lock engine: pthread robust mutexes
thunder lock: disabled (you can enable it with --thunder-lock)
uwsgi socket 0 inherited UNIX address /tmp/uwsgi.sock fd 3
uWSGI running as root, you can use --uid/--gid/--chroot options
*** WARNING: you are running uWSGI as root !!! (use the --uid flag) *** 
Python version: 3.9.7 (default, Oct 16 2021, 10:16:06)  [GCC 10.2.1 20210110]
*** Python threads support is disabled. You can enable it with --enable-threads ***
Python main interpreter initialized at 0xaaaad0cc60f0
uWSGI running as root, you can use --uid/--gid/--chroot options
*** WARNING: you are running uWSGI as root !!! (use the --uid flag) *** 
your server socket listen backlog is limited to 100 connections
your mercy for graceful operations on workers is 60 seconds
mapped 145840 bytes (142 KB) for 1 cores
*** Operational MODE: single process ***
ModuleNotFoundError: No module named 'webapp'
unable to load app 0 (mountpoint='') (callable not found or import error)
WSGI app 0 (mountpoint='') ready in 0 seconds on interpreter 0xaaaad0cc60f0 pid: 1 (default app)
uWSGI running as root, you can use --uid/--gid/--chroot options
*** WARNING: you are running uWSGI as root !!! (use the --uid flag) *** 
*** uWSGI is running in multiple interpreter mode ***
gracefully (RE)spawned uWSGI master process (pid: 1)
spawned uWSGI worker 1 (pid: 8, cores: 1)
[pid: 8|app: 0|req: 1/1] 172.31.64.1 () {48 vars in 976 bytes} [Mon Sep 11 07:29:13 2023] GET / => generated 35 bytes in 11 msecs (HTTP/1.1 200) 2 headers in 79 bytes (1 switches on core 0)
*** Starting uWSGI 2.0.22 (64bit) on [Mon Sep 11 07:29:22 2023] ***
compiled with version: 10.2.1 20210110 on 07 September 2023 06:24:21
os: Linux-5.15.85 #2 SMP Thu Dec 22 15:01:46 UTC 2022
nodename: 1f31e1307b81
machine: aarch64
clock source: unix
pcre jit disabled
detected number of CPU cores: 4
current working directory: /flask-app
detected binary path: /usr/local/bin/uwsgi
uWSGI running as root, you can use --uid/--gid/--chroot options
*** WARNING: you are running uWSGI as root !!! (use the --uid flag) *** 
your processes number limit is 7919
your memory page size is 4096 bytes
detected max file descriptor number: 4096
lock engine: pthread robust mutexes
thunder lock: disabled (you can enable it with --thunder-lock)
uwsgi socket 0 bound to UNIX address /tmp/uwsgi.sock fd 3
uWSGI running as root, you can use --uid/--gid/--chroot options
*** WARNING: you are running uWSGI as root !!! (use the --uid flag) *** 
Python version: 3.9.7 (default, Oct 16 2021, 10:16:06)  [GCC 10.2.1 20210110]
*** Python threads support is disabled. You can enable it with --enable-threads ***
Python main interpreter initialized at 0xaaaab7f3b170
uWSGI running as root, you can use --uid/--gid/--chroot options
*** WARNING: you are running uWSGI as root !!! (use the --uid flag) *** 
your server socket listen backlog is limited to 100 connections
your mercy for graceful operations on workers is 60 seconds
mapped 145840 bytes (142 KB) for 1 cores
*** Operational MODE: single process ***
ModuleNotFoundError: No module named 'webapp'
unable to load app 0 (mountpoint='') (callable not found or import error)
WSGI app 0 (mountpoint='') ready in 0 seconds on interpreter 0xaaaab7f3b170 pid: 1 (default app)
uWSGI running as root, you can use --uid/--gid/--chroot options
*** WARNING: you are running uWSGI as root !!! (use the --uid flag) *** 
*** uWSGI is running in multiple interpreter mode ***
spawned uWSGI master process (pid: 1)
spawned uWSGI worker 1 (pid: 7, cores: 1)
...brutally killing workers...
worker 1 buried after 1 seconds
binary reloading uWSGI...
chdir() to /flask-app
closing all non-uwsgi socket fds > 2 (max_fd = 4096)...
found fd 3 mapped to socket 0 (/tmp/uwsgi.sock)
running /usr/local/bin/uwsgi
[uWSGI] getting INI configuration from /app/app.ini
*** Starting uWSGI 2.0.22 (64bit) on [Mon Sep 11 07:30:07 2023] ***
compiled with version: 10.2.1 20210110 on 07 September 2023 06:24:21
os: Linux-5.15.85 #2 SMP Thu Dec 22 15:01:46 UTC 2022
nodename: 1f31e1307b81
machine: aarch64
clock source: unix
pcre jit disabled
detected number of CPU cores: 4
current working directory: /flask-app
detected binary path: /usr/local/bin/uwsgi
uWSGI running as root, you can use --uid/--gid/--chroot options
*** WARNING: you are running uWSGI as root !!! (use the --uid flag) *** 
your processes number limit is 7919
your memory page size is 4096 bytes
detected max file descriptor number: 4096
lock engine: pthread robust mutexes
thunder lock: disabled (you can enable it with --thunder-lock)
uwsgi socket 0 inherited UNIX address /tmp/uwsgi.sock fd 3
uWSGI running as root, you can use --uid/--gid/--chroot options
*** WARNING: you are running uWSGI as root !!! (use the --uid flag) *** 
Python version: 3.9.7 (default, Oct 16 2021, 10:16:06)  [GCC 10.2.1 20210110]
*** Python threads support is disabled. You can enable it with --enable-threads ***
Python main interpreter initialized at 0xaaab0f58b0f0
uWSGI running as root, you can use --uid/--gid/--chroot options
*** WARNING: you are running uWSGI as root !!! (use the --uid flag) *** 
your server socket listen backlog is limited to 100 connections
your mercy for graceful operations on workers is 60 seconds
mapped 145840 bytes (142 KB) for 1 cores
*** Operational MODE: single process ***
ModuleNotFoundError: No module named 'webapp'
unable to load app 0 (mountpoint='') (callable not found or import error)
WSGI app 0 (mountpoint='') ready in 0 seconds on interpreter 0xaaab0f58b0f0 pid: 1 (default app)
uWSGI running as root, you can use --uid/--gid/--chroot options
*** WARNING: you are running uWSGI as root !!! (use the --uid flag) *** 
*** uWSGI is running in multiple interpreter mode ***
gracefully (RE)spawned uWSGI master process (pid: 1)
spawned uWSGI worker 1 (pid: 8, cores: 1)
[pid: 8|app: 0|req: 1/1] 172.31.64.1 () {48 vars in 976 bytes} [Mon Sep 11 07:30:08 2023] GET / => generated 38 bytes in 10 msecs (HTTP/1.1 200) 2 headers in 79 bytes (1 switches on core 0)
*** Starting uWSGI 2.0.22 (64bit) on [Mon Sep 11 07:30:16 2023] ***
compiled with version: 10.2.1 20210110 on 07 September 2023 06:24:21
os: Linux-5.15.85 #2 SMP Thu Dec 22 15:01:46 UTC 2022
nodename: 1f31e1307b81
machine: aarch64
clock source: unix
pcre jit disabled
detected number of CPU cores: 4
current working directory: /flask-app
detected binary path: /usr/local/bin/uwsgi
uWSGI running as root, you can use --uid/--gid/--chroot options
*** WARNING: you are running uWSGI as root !!! (use the --uid flag) *** 
your processes number limit is 7919
your memory page size is 4096 bytes
detected max file descriptor number: 4096
lock engine: pthread robust mutexes
thunder lock: disabled (you can enable it with --thunder-lock)
uwsgi socket 0 bound to UNIX address /tmp/uwsgi.sock fd 3
uWSGI running as root, you can use --uid/--gid/--chroot options
*** WARNING: you are running uWSGI as root !!! (use the --uid flag) *** 
Python version: 3.9.7 (default, Oct 16 2021, 10:16:06)  [GCC 10.2.1 20210110]
*** Python threads support is disabled. You can enable it with --enable-threads ***
Python main interpreter initialized at 0xaaaafb3d7170
uWSGI running as root, you can use --uid/--gid/--chroot options
*** WARNING: you are running uWSGI as root !!! (use the --uid flag) *** 
your server socket listen backlog is limited to 100 connections
your mercy for graceful operations on workers is 60 seconds
mapped 145840 bytes (142 KB) for 1 cores
*** Operational MODE: single process ***
ModuleNotFoundError: No module named 'webapp'
unable to load app 0 (mountpoint='') (callable not found or import error)
WSGI app 0 (mountpoint='') ready in 0 seconds on interpreter 0xaaaafb3d7170 pid: 1 (default app)
uWSGI running as root, you can use --uid/--gid/--chroot options
*** WARNING: you are running uWSGI as root !!! (use the --uid flag) *** 
*** uWSGI is running in multiple interpreter mode ***
spawned uWSGI master process (pid: 1)
spawned uWSGI worker 1 (pid: 7, cores: 1)
...brutally killing workers...
worker 1 buried after 1 seconds
binary reloading uWSGI...
chdir() to /flask-app
closing all non-uwsgi socket fds > 2 (max_fd = 4096)...
found fd 3 mapped to socket 0 (/tmp/uwsgi.sock)
running /usr/local/bin/uwsgi
[uWSGI] getting INI configuration from /app/app.ini
*** Starting uWSGI 2.0.22 (64bit) on [Mon Sep 11 07:31:40 2023] ***
compiled with version: 10.2.1 20210110 on 07 September 2023 06:24:21
os: Linux-5.15.85 #2 SMP Thu Dec 22 15:01:46 UTC 2022
nodename: 1f31e1307b81
machine: aarch64
clock source: unix
pcre jit disabled
detected number of CPU cores: 4
current working directory: /flask-app
detected binary path: /usr/local/bin/uwsgi
uWSGI running as root, you can use --uid/--gid/--chroot options
*** WARNING: you are running uWSGI as root !!! (use the --uid flag) *** 
your processes number limit is 7919
your memory page size is 4096 bytes
detected max file descriptor number: 4096
lock engine: pthread robust mutexes
thunder lock: disabled (you can enable it with --thunder-lock)
uwsgi socket 0 inherited UNIX address /tmp/uwsgi.sock fd 3
uWSGI running as root, you can use --uid/--gid/--chroot options
*** WARNING: you are running uWSGI as root !!! (use the --uid flag) *** 
Python version: 3.9.7 (default, Oct 16 2021, 10:16:06)  [GCC 10.2.1 20210110]
*** Python threads support is disabled. You can enable it with --enable-threads ***
Python main interpreter initialized at 0xaaaad422d0f0
uWSGI running as root, you can use --uid/--gid/--chroot options
*** WARNING: you are running uWSGI as root !!! (use the --uid flag) *** 
your server socket listen backlog is limited to 100 connections
your mercy for graceful operations on workers is 60 seconds
mapped 145840 bytes (142 KB) for 1 cores
*** Operational MODE: single process ***
ModuleNotFoundError: No module named 'webapp'
unable to load app 0 (mountpoint='') (callable not found or import error)
WSGI app 0 (mountpoint='') ready in 0 seconds on interpreter 0xaaaad422d0f0 pid: 1 (default app)
uWSGI running as root, you can use --uid/--gid/--chroot options
*** WARNING: you are running uWSGI as root !!! (use the --uid flag) *** 
*** uWSGI is running in multiple interpreter mode ***
gracefully (RE)spawned uWSGI master process (pid: 1)
spawned uWSGI worker 1 (pid: 8, cores: 1)
[pid: 8|app: 0|req: 1/1] 172.31.64.1 () {48 vars in 976 bytes} [Mon Sep 11 07:31:42 2023] GET / => generated 37 bytes in 18 msecs (HTTP/1.1 200) 2 headers in 79 bytes (1 switches on core 0)
*** Starting uWSGI 2.0.22 (64bit) on [Mon Sep 11 07:31:49 2023] ***
compiled with version: 10.2.1 20210110 on 07 September 2023 06:24:21
os: Linux-5.15.85 #2 SMP Thu Dec 22 15:01:46 UTC 2022
nodename: 1f31e1307b81
machine: aarch64
clock source: unix
pcre jit disabled
detected number of CPU cores: 4
current working directory: /flask-app
detected binary path: /usr/local/bin/uwsgi
uWSGI running as root, you can use --uid/--gid/--chroot options
*** WARNING: you are running uWSGI as root !!! (use the --uid flag) *** 
your processes number limit is 7919
your memory page size is 4096 bytes
detected max file descriptor number: 4096
lock engine: pthread robust mutexes
thunder lock: disabled (you can enable it with --thunder-lock)
uwsgi socket 0 bound to UNIX address /tmp/uwsgi.sock fd 3
uWSGI running as root, you can use --uid/--gid/--chroot options
*** WARNING: you are running uWSGI as root !!! (use the --uid flag) *** 
Python version: 3.9.7 (default, Oct 16 2021, 10:16:06)  [GCC 10.2.1 20210110]
*** Python threads support is disabled. You can enable it with --enable-threads ***
Python main interpreter initialized at 0xaaaaec394170
uWSGI running as root, you can use --uid/--gid/--chroot options
*** WARNING: you are running uWSGI as root !!! (use the --uid flag) *** 
your server socket listen backlog is limited to 100 connections
your mercy for graceful operations on workers is 60 seconds
mapped 145840 bytes (142 KB) for 1 cores
*** Operational MODE: single process ***
ModuleNotFoundError: No module named 'webapp'
unable to load app 0 (mountpoint='') (callable not found or import error)
WSGI app 0 (mountpoint='') ready in 0 seconds on interpreter 0xaaaaec394170 pid: 1 (default app)
uWSGI running as root, you can use --uid/--gid/--chroot options
*** WARNING: you are running uWSGI as root !!! (use the --uid flag) *** 
*** uWSGI is running in multiple interpreter mode ***
spawned uWSGI master process (pid: 1)
spawned uWSGI worker 1 (pid: 7, cores: 1)
[pid: 7|app: 0|req: 1/1] 172.31.64.1 () {48 vars in 976 bytes} [Mon Sep 11 07:49:28 2023] GET / => generated 37 bytes in 29 msecs (HTTP/1.1 200) 2 headers in 79 bytes (1 switches on core 0)
[pid: 7|app: 0|req: 2/2] 172.31.64.1 () {30 vars in 337 bytes} [Fri Sep 15 02:18:15 2023] HEAD / => generated 0 bytes in 117 msecs (HTTP/1.1 200) 2 headers in 79 bytes (0 switches on core 0)
[pid: 7|app: 0|req: 3/3] 172.31.64.1 () {32 vars in 368 bytes} [Fri Sep 15 02:18:16 2023] OPTIONS / => generated 0 bytes in 22 msecs (HTTP/1.1 200) 3 headers in 105 bytes (0 switches on core 0)
[pid: 7|app: 0|req: 4/4] 172.31.64.1 () {32 vars in 380 bytes} [Fri Sep 15 02:18:16 2023] GET /v2/keys/ => generated 207 bytes in 29 msecs (HTTP/1.1 404) 2 headers in 87 bytes (1 switches on core 0)
[pid: 7|app: 0|req: 5/5] 172.31.64.1 () {32 vars in 364 bytes} [Fri Sep 15 02:18:17 2023] GET / => generated 37 bytes in 2 msecs (HTTP/1.1 200) 2 headers in 79 bytes (1 switches on core 0)
[pid: 7|app: 0|req: 6/6] 172.31.64.1 () {32 vars in 364 bytes} [Fri Sep 15 02:18:17 2023] GET / => generated 37 bytes in 1 msecs (HTTP/1.1 200) 2 headers in 79 bytes (1 switches on core 0)
[pid: 7|app: 0|req: 7/7] 172.31.64.1 () {32 vars in 394 bytes} [Fri Sep 15 02:18:18 2023] GET /containers/json => generated 207 bytes in 1 msecs (HTTP/1.1 404) 2 headers in 87 bytes (1 switches on core 0)
[pid: 7|app: 0|req: 8/8] 172.31.64.1 () {32 vars in 370 bytes} [Fri Sep 15 02:18:18 2023] GET /ui/ => generated 207 bytes in 8 msecs (HTTP/1.1 404) 2 headers in 87 bytes (1 switches on core 0)
[pid: 7|app: 0|req: 9/9] 172.31.64.1 () {32 vars in 364 bytes} [Fri Sep 15 02:18:19 2023] GET / => generated 37 bytes in 1 msecs (HTTP/1.1 200) 2 headers in 79 bytes (1 switches on core 0)
[pid: 7|app: 0|req: 10/10] 172.31.64.1 () {32 vars in 364 bytes} [Fri Sep 15 02:18:19 2023] GET / => generated 37 bytes in 1 msecs (HTTP/1.1 200) 2 headers in 79 bytes (1 switches on core 0)
[pid: 7|app: 0|req: 11/11] 172.31.64.1 () {32 vars in 386 bytes} [Fri Sep 15 02:18:20 2023] GET /files/debug => generated 207 bytes in 1 msecs (HTTP/1.1 404) 2 headers in 87 bytes (1 switches on core 0)
[pid: 7|app: 0|req: 12/12] 172.31.64.1 () {32 vars in 364 bytes} [Fri Sep 15 02:18:20 2023] GET / => generated 37 bytes in 2 msecs (HTTP/1.1 200) 2 headers in 79 bytes (1 switches on core 0)
[pid: 7|app: 0|req: 13/13] 172.31.64.1 () {32 vars in 364 bytes} [Fri Sep 15 02:18:21 2023] GET / => generated 37 bytes in 1 msecs (HTTP/1.1 200) 2 headers in 79 bytes (1 switches on core 0)
[pid: 7|app: 0|req: 14/14] 172.31.64.1 () {32 vars in 376 bytes} [Fri Sep 15 02:18:21 2023] GET /stats/ => generated 207 bytes in 1 msecs (HTTP/1.1 404) 2 headers in 87 bytes (1 switches on core 0)
[pid: 7|app: 0|req: 15/15] 172.31.64.1 () {32 vars in 510 bytes} [Fri Sep 15 02:18:22 2023] GET /api/v1/namespaces/kube-system/services/https:kubernetes-dashboard:/proxy/ => generated 207 bytes in 1 msecs (HTTP/1.1 404) 2 headers in 87 bytes (1 switches on core 0)
[pid: 7|app: 0|req: 16/16] 172.31.64.1 () {32 vars in 364 bytes} [Fri Sep 15 02:18:22 2023] GET / => generated 37 bytes in 1 msecs (HTTP/1.1 200) 2 headers in 79 bytes (1 switches on core 0)
[pid: 7|app: 0|req: 17/17] 172.31.64.1 () {34 vars in 408 bytes} [Fri Sep 15 02:18:23 2023] GET / => generated 37 bytes in 2 msecs (HTTP/1.1 200) 2 headers in 79 bytes (1 switches on core 0)
[pid: 7|app: 0|req: 18/18] 172.31.64.1 () {34 vars in 428 bytes} [Fri Sep 15 02:18:23 2023] GET /api/whoami => generated 207 bytes in 1 msecs (HTTP/1.1 404) 2 headers in 87 bytes (1 switches on core 0)
[pid: 7|app: 0|req: 19/19] 172.31.64.1 () {34 vars in 436 bytes} [Fri Sep 15 02:18:24 2023] GET /api/whoami => generated 207 bytes in 2 msecs (HTTP/1.1 404) 2 headers in 87 bytes (1 switches on core 0)
[pid: 7|app: 0|req: 20/20] 172.31.64.1 () {34 vars in 521 bytes} [Fri Sep 15 02:18:24 2023] GET /phpmyadmin/Documentation.txt => generated 207 bytes in 2 msecs (HTTP/1.1 404) 2 headers in 87 bytes (1 switches on core 0)
[pid: 7|app: 0|req: 21/21] 172.31.64.1 () {34 vars in 523 bytes} [Fri Sep 15 02:18:25 2023] GET /phpmyadmin/Documentation.html => generated 207 bytes in 2 msecs (HTTP/1.1 404) 2 headers in 87 bytes (1 switches on core 0)
[pid: 7|app: 0|req: 22/22] 172.31.64.1 () {34 vars in 499 bytes} [Fri Sep 15 02:18:25 2023] GET /phpmyadmin/README => generated 207 bytes in 3 msecs (HTTP/1.1 404) 2 headers in 87 bytes (1 switches on core 0)
[pid: 7|app: 0|req: 23/23] 172.31.64.1 () {34 vars in 519 bytes} [Fri Sep 15 02:18:26 2023] GET /phpmyadmin/translators.html => generated 207 bytes in 2 msecs (HTTP/1.1 404) 2 headers in 87 bytes (1 switches on core 0)
[pid: 7|app: 0|req: 24/24] 172.31.64.1 () {34 vars in 517 bytes} [Fri Sep 15 02:18:26 2023] GET /phpmyadmin/js/messages.php => generated 207 bytes in 2 msecs (HTTP/1.1 404) 2 headers in 87 bytes (1 switches on core 0)
[pid: 7|app: 0|req: 25/25] 172.31.64.1 () {34 vars in 541 bytes} [Fri Sep 15 02:18:27 2023] GET /typo3conf/ext/phpmyadmin/ChangeLog.txt => generated 207 bytes in 3 msecs (HTTP/1.1 404) 2 headers in 87 bytes (1 switches on core 0)
[pid: 7|app: 0|req: 26/26] 172.31.64.1 () {30 vars in 335 bytes} [Tue Sep 19 03:04:25 2023] HEAD / => generated 0 bytes in 90 msecs (HTTP/1.1 200) 2 headers in 79 bytes (0 switches on core 0)
[pid: 7|app: 0|req: 27/27] 172.31.64.1 () {32 vars in 366 bytes} [Tue Sep 19 03:04:25 2023] OPTIONS / => generated 0 bytes in 7 msecs (HTTP/1.1 200) 3 headers in 105 bytes (0 switches on core 0)
[pid: 7|app: 0|req: 28/28] 172.31.64.1 () {32 vars in 378 bytes} [Tue Sep 19 03:04:26 2023] GET /v2/keys/ => generated 207 bytes in 21 msecs (HTTP/1.1 404) 2 headers in 87 bytes (1 switches on core 0)
[pid: 7|app: 0|req: 29/29] 172.31.64.1 () {32 vars in 362 bytes} [Tue Sep 19 03:04:26 2023] GET / => generated 37 bytes in 2 msecs (HTTP/1.1 200) 2 headers in 79 bytes (1 switches on core 0)
[pid: 7|app: 0|req: 30/30] 172.31.64.1 () {32 vars in 362 bytes} [Tue Sep 19 03:04:27 2023] GET / => generated 37 bytes in 1 msecs (HTTP/1.1 200) 2 headers in 79 bytes (1 switches on core 0)
[pid: 7|app: 0|req: 31/31] 172.31.64.1 () {32 vars in 392 bytes} [Tue Sep 19 03:04:27 2023] GET /containers/json => generated 207 bytes in 3 msecs (HTTP/1.1 404) 2 headers in 87 bytes (1 switches on core 0)
[pid: 7|app: 0|req: 32/32] 172.31.64.1 () {32 vars in 368 bytes} [Tue Sep 19 03:04:28 2023] GET /ui/ => generated 207 bytes in 1 msecs (HTTP/1.1 404) 2 headers in 87 bytes (1 switches on core 0)
[pid: 7|app: 0|req: 33/33] 172.31.64.1 () {32 vars in 362 bytes} [Tue Sep 19 03:04:28 2023] GET / => generated 37 bytes in 1 msecs (HTTP/1.1 200) 2 headers in 79 bytes (1 switches on core 0)
[pid: 7|app: 0|req: 34/34] 172.31.64.1 () {32 vars in 362 bytes} [Tue Sep 19 03:04:29 2023] GET / => generated 37 bytes in 1 msecs (HTTP/1.1 200) 2 headers in 79 bytes (1 switches on core 0)
[pid: 7|app: 0|req: 35/35] 172.31.64.1 () {32 vars in 384 bytes} [Tue Sep 19 03:04:29 2023] GET /files/debug => generated 207 bytes in 1 msecs (HTTP/1.1 404) 2 headers in 87 bytes (1 switches on core 0)
[pid: 7|app: 0|req: 36/36] 172.31.64.1 () {32 vars in 362 bytes} [Tue Sep 19 03:04:30 2023] GET / => generated 37 bytes in 3 msecs (HTTP/1.1 200) 2 headers in 79 bytes (1 switches on core 0)
[pid: 7|app: 0|req: 37/37] 172.31.64.1 () {32 vars in 362 bytes} [Tue Sep 19 03:04:30 2023] GET / => generated 37 bytes in 1 msecs (HTTP/1.1 200) 2 headers in 79 bytes (1 switches on core 0)
[pid: 7|app: 0|req: 38/38] 172.31.64.1 () {32 vars in 374 bytes} [Tue Sep 19 03:04:30 2023] GET /stats/ => generated 207 bytes in 1 msecs (HTTP/1.1 404) 2 headers in 87 bytes (1 switches on core 0)
[pid: 7|app: 0|req: 39/39] 172.31.64.1 () {32 vars in 508 bytes} [Tue Sep 19 03:04:31 2023] GET /api/v1/namespaces/kube-system/services/https:kubernetes-dashboard:/proxy/ => generated 207 bytes in 1 msecs (HTTP/1.1 404) 2 headers in 87 bytes (1 switches on core 0)
[pid: 7|app: 0|req: 40/40] 172.31.64.1 () {32 vars in 362 bytes} [Tue Sep 19 03:04:31 2023] GET / => generated 37 bytes in 3 msecs (HTTP/1.1 200) 2 headers in 79 bytes (1 switches on core 0)
[pid: 7|app: 0|req: 41/41] 172.31.64.1 () {34 vars in 406 bytes} [Tue Sep 19 03:04:32 2023] GET / => generated 37 bytes in 1 msecs (HTTP/1.1 200) 2 headers in 79 bytes (1 switches on core 0)
[pid: 7|app: 0|req: 42/42] 172.31.64.1 () {34 vars in 426 bytes} [Tue Sep 19 03:04:32 2023] GET /api/whoami => generated 207 bytes in 2 msecs (HTTP/1.1 404) 2 headers in 87 bytes (1 switches on core 0)
[pid: 7|app: 0|req: 43/43] 172.31.64.1 () {34 vars in 434 bytes} [Tue Sep 19 03:04:33 2023] GET /api/whoami => generated 207 bytes in 2 msecs (HTTP/1.1 404) 2 headers in 87 bytes (1 switches on core 0)
[pid: 7|app: 0|req: 44/44] 172.31.64.1 () {34 vars in 519 bytes} [Tue Sep 19 03:04:33 2023] GET /phpmyadmin/Documentation.txt => generated 207 bytes in 2 msecs (HTTP/1.1 404) 2 headers in 87 bytes (1 switches on core 0)
[pid: 7|app: 0|req: 45/45] 172.31.64.1 () {34 vars in 521 bytes} [Tue Sep 19 03:04:33 2023] GET /phpmyadmin/Documentation.html => generated 207 bytes in 2 msecs (HTTP/1.1 404) 2 headers in 87 bytes (1 switches on core 0)
[pid: 7|app: 0|req: 46/46] 172.31.64.1 () {34 vars in 497 bytes} [Tue Sep 19 03:04:34 2023] GET /phpmyadmin/README => generated 207 bytes in 1 msecs (HTTP/1.1 404) 2 headers in 87 bytes (1 switches on core 0)
[pid: 7|app: 0|req: 47/47] 172.31.64.1 () {34 vars in 517 bytes} [Tue Sep 19 03:04:34 2023] GET /phpmyadmin/translators.html => generated 207 bytes in 2 msecs (HTTP/1.1 404) 2 headers in 87 bytes (1 switches on core 0)
[pid: 7|app: 0|req: 48/48] 172.31.64.1 () {34 vars in 515 bytes} [Tue Sep 19 03:04:35 2023] GET /phpmyadmin/js/messages.php => generated 207 bytes in 1 msecs (HTTP/1.1 404) 2 headers in 87 bytes (1 switches on core 0)
[pid: 7|app: 0|req: 49/49] 172.31.64.1 () {34 vars in 539 bytes} [Tue Sep 19 03:04:35 2023] GET /typo3conf/ext/phpmyadmin/ChangeLog.txt => generated 207 bytes in 2 msecs (HTTP/1.1 404) 2 headers in 87 bytes (1 switches on core 0)
[pid: 7|app: 0|req: 50/50] 172.31.64.1 () {30 vars in 336 bytes} [Wed Sep 20 03:31:47 2023] HEAD / => generated 0 bytes in 88 msecs (HTTP/1.1 200) 2 headers in 79 bytes (0 switches on core 0)
[pid: 7|app: 0|req: 51/51] 172.31.64.1 () {32 vars in 367 bytes} [Wed Sep 20 03:31:48 2023] OPTIONS / => generated 0 bytes in 7 msecs (HTTP/1.1 200) 3 headers in 105 bytes (0 switches on core 0)
[pid: 7|app: 0|req: 52/52] 172.31.64.1 () {32 vars in 379 bytes} [Wed Sep 20 03:31:48 2023] GET /v2/keys/ => generated 207 bytes in 10 msecs (HTTP/1.1 404) 2 headers in 87 bytes (1 switches on core 0)
[pid: 7|app: 0|req: 53/53] 172.31.64.1 () {32 vars in 363 bytes} [Wed Sep 20 03:31:49 2023] GET / => generated 37 bytes in 40 msecs (HTTP/1.1 200) 2 headers in 79 bytes (2 switches on core 0)
[pid: 7|app: 0|req: 54/54] 172.31.64.1 () {32 vars in 363 bytes} [Wed Sep 20 03:31:49 2023] GET / => generated 37 bytes in 3 msecs (HTTP/1.1 200) 2 headers in 79 bytes (1 switches on core 0)
[pid: 7|app: 0|req: 55/55] 172.31.64.1 () {32 vars in 393 bytes} [Wed Sep 20 03:31:50 2023] GET /containers/json => generated 207 bytes in 2 msecs (HTTP/1.1 404) 2 headers in 87 bytes (1 switches on core 0)
[pid: 7|app: 0|req: 56/56] 172.31.64.1 () {32 vars in 369 bytes} [Wed Sep 20 03:31:50 2023] GET /ui/ => generated 207 bytes in 2 msecs (HTTP/1.1 404) 2 headers in 87 bytes (1 switches on core 0)
[pid: 7|app: 0|req: 57/57] 172.31.64.1 () {32 vars in 363 bytes} [Wed Sep 20 03:31:51 2023] GET / => generated 37 bytes in 3 msecs (HTTP/1.1 200) 2 headers in 79 bytes (1 switches on core 0)
[pid: 7|app: 0|req: 58/58] 172.31.64.1 () {32 vars in 363 bytes} [Wed Sep 20 03:31:52 2023] GET / => generated 37 bytes in 1 msecs (HTTP/1.1 200) 2 headers in 79 bytes (1 switches on core 0)
[pid: 7|app: 0|req: 59/59] 172.31.64.1 () {32 vars in 385 bytes} [Wed Sep 20 03:31:52 2023] GET /files/debug => generated 207 bytes in 2 msecs (HTTP/1.1 404) 2 headers in 87 bytes (1 switches on core 0)
[pid: 7|app: 0|req: 60/60] 172.31.64.1 () {32 vars in 363 bytes} [Wed Sep 20 03:31:53 2023] GET / => generated 37 bytes in 3 msecs (HTTP/1.1 200) 2 headers in 79 bytes (1 switches on core 0)
[pid: 7|app: 0|req: 61/61] 172.31.64.1 () {32 vars in 363 bytes} [Wed Sep 20 03:31:53 2023] GET / => generated 37 bytes in 1 msecs (HTTP/1.1 200) 2 headers in 79 bytes (1 switches on core 0)
[pid: 7|app: 0|req: 62/62] 172.31.64.1 () {32 vars in 375 bytes} [Wed Sep 20 03:31:54 2023] GET /stats/ => generated 207 bytes in 1 msecs (HTTP/1.1 404) 2 headers in 87 bytes (1 switches on core 0)
[pid: 7|app: 0|req: 63/63] 172.31.64.1 () {32 vars in 509 bytes} [Wed Sep 20 03:31:54 2023] GET /api/v1/namespaces/kube-system/services/https:kubernetes-dashboard:/proxy/ => generated 207 bytes in 2 msecs (HTTP/1.1 404) 2 headers in 87 bytes (1 switches on core 0)
[pid: 7|app: 0|req: 64/64] 172.31.64.1 () {32 vars in 363 bytes} [Wed Sep 20 03:31:55 2023] GET / => generated 37 bytes in 1 msecs (HTTP/1.1 200) 2 headers in 79 bytes (1 switches on core 0)
[pid: 7|app: 0|req: 65/65] 172.31.64.1 () {34 vars in 407 bytes} [Wed Sep 20 03:31:56 2023] GET / => generated 37 bytes in 0 msecs (HTTP/1.1 200) 2 headers in 79 bytes (1 switches on core 0)
[pid: 7|app: 0|req: 66/66] 172.31.64.1 () {34 vars in 427 bytes} [Wed Sep 20 03:31:56 2023] GET /api/whoami => generated 207 bytes in 3 msecs (HTTP/1.1 404) 2 headers in 87 bytes (1 switches on core 0)
[pid: 7|app: 0|req: 67/67] 172.31.64.1 () {34 vars in 435 bytes} [Wed Sep 20 03:31:57 2023] GET /api/whoami => generated 207 bytes in 1 msecs (HTTP/1.1 404) 2 headers in 87 bytes (1 switches on core 0)
[pid: 7|app: 0|req: 68/68] 172.31.64.1 () {34 vars in 520 bytes} [Wed Sep 20 03:31:57 2023] GET /phpmyadmin/Documentation.txt => generated 207 bytes in 2 msecs (HTTP/1.1 404) 2 headers in 87 bytes (1 switches on core 0)
[pid: 7|app: 0|req: 69/69] 172.31.64.1 () {34 vars in 522 bytes} [Wed Sep 20 03:31:58 2023] GET /phpmyadmin/Documentation.html => generated 207 bytes in 3 msecs (HTTP/1.1 404) 2 headers in 87 bytes (2 switches on core 0)
[pid: 7|app: 0|req: 70/70] 172.31.64.1 () {34 vars in 498 bytes} [Wed Sep 20 03:31:58 2023] GET /phpmyadmin/README => generated 207 bytes in 2 msecs (HTTP/1.1 404) 2 headers in 87 bytes (1 switches on core 0)
[pid: 7|app: 0|req: 71/71] 172.31.64.1 () {34 vars in 518 bytes} [Wed Sep 20 03:31:59 2023] GET /phpmyadmin/translators.html => generated 207 bytes in 2 msecs (HTTP/1.1 404) 2 headers in 87 bytes (1 switches on core 0)
[pid: 7|app: 0|req: 72/72] 172.31.64.1 () {34 vars in 516 bytes} [Wed Sep 20 03:31:59 2023] GET /phpmyadmin/js/messages.php => generated 207 bytes in 1 msecs (HTTP/1.1 404) 2 headers in 87 bytes (1 switches on core 0)
[pid: 7|app: 0|req: 73/73] 172.31.64.1 () {34 vars in 540 bytes} [Wed Sep 20 03:32:00 2023] GET /typo3conf/ext/phpmyadmin/ChangeLog.txt => generated 207 bytes in 2 msecs (HTTP/1.1 404) 2 headers in 87 bytes (1 switches on core 0)
[pid: 7|app: 0|req: 74/74] 172.31.64.1 () {26 vars in 269 bytes} [Thu Sep 21 03:16:46 2023] GET / => generated 37 bytes in 87 msecs (HTTP/1.0 200) 2 headers in 79 bytes (1 switches on core 0)
[pid: 7|app: 0|req: 75/75] 172.31.64.1 () {30 vars in 337 bytes} [Thu Sep 21 03:17:16 2023] HEAD / => generated 0 bytes in 15 msecs (HTTP/1.1 200) 2 headers in 79 bytes (0 switches on core 0)
[pid: 7|app: 0|req: 76/76] 172.31.64.1 () {32 vars in 368 bytes} [Thu Sep 21 03:17:17 2023] OPTIONS / => generated 0 bytes in 9 msecs (HTTP/1.1 200) 3 headers in 105 bytes (1 switches on core 0)
[pid: 7|app: 0|req: 77/77] 172.31.64.1 () {32 vars in 380 bytes} [Thu Sep 21 03:17:17 2023] GET /v2/keys/ => generated 207 bytes in 12 msecs (HTTP/1.1 404) 2 headers in 87 bytes (1 switches on core 0)
[pid: 7|app: 0|req: 78/78] 172.31.64.1 () {32 vars in 364 bytes} [Thu Sep 21 03:17:17 2023] GET / => generated 37 bytes in 5 msecs (HTTP/1.1 200) 2 headers in 79 bytes (1 switches on core 0)
[pid: 7|app: 0|req: 79/79] 172.31.64.1 () {32 vars in 364 bytes} [Thu Sep 21 03:17:18 2023] GET / => generated 37 bytes in 0 msecs (HTTP/1.1 200) 2 headers in 79 bytes (1 switches on core 0)
[pid: 7|app: 0|req: 80/80] 172.31.64.1 () {32 vars in 394 bytes} [Thu Sep 21 03:17:18 2023] GET /containers/json => generated 207 bytes in 1 msecs (HTTP/1.1 404) 2 headers in 87 bytes (1 switches on core 0)
[pid: 7|app: 0|req: 81/81] 172.31.64.1 () {32 vars in 370 bytes} [Thu Sep 21 03:17:18 2023] GET /ui/ => generated 207 bytes in 7 msecs (HTTP/1.1 404) 2 headers in 87 bytes (1 switches on core 0)
[pid: 7|app: 0|req: 82/82] 172.31.64.1 () {32 vars in 364 bytes} [Thu Sep 21 03:17:19 2023] GET / => generated 37 bytes in 0 msecs (HTTP/1.1 200) 2 headers in 79 bytes (1 switches on core 0)
[pid: 7|app: 0|req: 83/83] 172.31.64.1 () {32 vars in 364 bytes} [Thu Sep 21 03:17:19 2023] GET / => generated 37 bytes in 1 msecs (HTTP/1.1 200) 2 headers in 79 bytes (1 switches on core 0)
[pid: 7|app: 0|req: 84/84] 172.31.64.1 () {32 vars in 386 bytes} [Thu Sep 21 03:17:19 2023] GET /files/debug => generated 207 bytes in 0 msecs (HTTP/1.1 404) 2 headers in 87 bytes (1 switches on core 0)
[pid: 7|app: 0|req: 85/85] 172.31.64.1 () {32 vars in 364 bytes} [Thu Sep 21 03:17:20 2023] GET / => generated 37 bytes in 1 msecs (HTTP/1.1 200) 2 headers in 79 bytes (1 switches on core 0)
[pid: 7|app: 0|req: 86/86] 172.31.64.1 () {32 vars in 364 bytes} [Thu Sep 21 03:17:20 2023] GET / => generated 37 bytes in 1 msecs (HTTP/1.1 200) 2 headers in 79 bytes (1 switches on core 0)
[pid: 7|app: 0|req: 87/87] 172.31.64.1 () {32 vars in 376 bytes} [Thu Sep 21 03:17:20 2023] GET /stats/ => generated 207 bytes in 1 msecs (HTTP/1.1 404) 2 headers in 87 bytes (1 switches on core 0)
[pid: 7|app: 0|req: 88/88] 172.31.64.1 () {32 vars in 510 bytes} [Thu Sep 21 03:17:21 2023] GET /api/v1/namespaces/kube-system/services/https:kubernetes-dashboard:/proxy/ => generated 207 bytes in 0 msecs (HTTP/1.1 404) 2 headers in 87 bytes (1 switches on core 0)
[pid: 7|app: 0|req: 89/89] 172.31.64.1 () {32 vars in 364 bytes} [Thu Sep 21 03:17:21 2023] GET / => generated 37 bytes in 0 msecs (HTTP/1.1 200) 2 headers in 79 bytes (1 switches on core 0)
[pid: 7|app: 0|req: 90/90] 172.31.64.1 () {34 vars in 408 bytes} [Thu Sep 21 03:17:22 2023] GET / => generated 37 bytes in 1 msecs (HTTP/1.1 200) 2 headers in 79 bytes (1 switches on core 0)
[pid: 7|app: 0|req: 91/91] 172.31.64.1 () {34 vars in 428 bytes} [Thu Sep 21 03:17:22 2023] GET /api/whoami => generated 207 bytes in 1 msecs (HTTP/1.1 404) 2 headers in 87 bytes (1 switches on core 0)
[pid: 7|app: 0|req: 92/92] 172.31.64.1 () {34 vars in 436 bytes} [Thu Sep 21 03:17:22 2023] GET /api/whoami => generated 207 bytes in 1 msecs (HTTP/1.1 404) 2 headers in 87 bytes (1 switches on core 0)
[pid: 7|app: 0|req: 93/93] 172.31.64.1 () {34 vars in 521 bytes} [Thu Sep 21 03:17:23 2023] GET /phpmyadmin/Documentation.txt => generated 207 bytes in 1 msecs (HTTP/1.1 404) 2 headers in 87 bytes (1 switches on core 0)
[pid: 7|app: 0|req: 94/94] 172.31.64.1 () {34 vars in 523 bytes} [Thu Sep 21 03:17:23 2023] GET /phpmyadmin/Documentation.html => generated 207 bytes in 0 msecs (HTTP/1.1 404) 2 headers in 87 bytes (1 switches on core 0)
[pid: 7|app: 0|req: 95/95] 172.31.64.1 () {34 vars in 499 bytes} [Thu Sep 21 03:17:23 2023] GET /phpmyadmin/README => generated 207 bytes in 0 msecs (HTTP/1.1 404) 2 headers in 87 bytes (1 switches on core 0)
[pid: 7|app: 0|req: 96/96] 172.31.64.1 () {34 vars in 519 bytes} [Thu Sep 21 03:17:24 2023] GET /phpmyadmin/translators.html => generated 207 bytes in 1 msecs (HTTP/1.1 404) 2 headers in 87 bytes (1 switches on core 0)
[pid: 7|app: 0|req: 97/97] 172.31.64.1 () {34 vars in 517 bytes} [Thu Sep 21 03:17:24 2023] GET /phpmyadmin/js/messages.php => generated 207 bytes in 1 msecs (HTTP/1.1 404) 2 headers in 87 bytes (1 switches on core 0)
[pid: 7|app: 0|req: 98/98] 172.31.64.1 () {34 vars in 541 bytes} [Thu Sep 21 03:17:24 2023] GET /typo3conf/ext/phpmyadmin/ChangeLog.txt => generated 207 bytes in 2 msecs (HTTP/1.1 404) 2 headers in 87 bytes (1 switches on core 0)
